EDA Netlist Writer report for dsp_lab
Thu Apr 25 18:56:55 2024
Quartus Prime Version 18.1.0 Build 625 09/12/2018 SJ Standard Edition


---------------------
; Table of Contents ;
---------------------
  1. Legal Notice
  2. EDA Netlist Writer Summary
  3. Simulation Settings
  4. Simulation Generated Files
  5. EDA Netlist Writer Messages



----------------
; Legal Notice ;
----------------
Copyright (C) 2018  Intel Corporation. All rights reserved.
Your use of Intel Corporation's design tools, logic functions 
and other software and tools, and its AMPP partner logic 
functions, and any output files from any of the foregoing 
(including device programming or simulation files), and any 
associated documentation or information are expressly subject 
to the terms and conditions of the Intel Program License 
Subscription Agreement, the Intel Quartus Prime License Agreement,
the Intel FPGA IP License Agreement, or other applicable license
agreement, including, without limitation, that your use is for
the sole purpose of programming logic devices manufactured by
Intel and sold by Intel or its authorized distributors.  Please
refer to the applicable agreement for further details.



+---------------------------------------------------------------+
; EDA Netlist Writer Summary                                    ;
+---------------------------+-----------------------------------+
; EDA Netlist Writer Status ; Failed - Thu Apr 25 18:56:55 2024 ;
; Revision Name             ; dsp_lab                           ;
; Top-level Entity Name     ; fft8                              ;
; Family                    ; Cyclone 10 LP                     ;
; Simulation Files Creation ; Successful                        ;
+---------------------------+-----------------------------------+


+-------------------------------------------------------------------------------------------------------------------------------+
; Simulation Settings                                                                                                           ;
+---------------------------------------------------------------------------------------------------+---------------------------+
; Option                                                                                            ; Setting                   ;
+---------------------------------------------------------------------------------------------------+---------------------------+
; Tool Name                                                                                         ; ModelSim-Altera (Verilog) ;
; Generate functional simulation netlist                                                            ; Off                       ;
; Time scale                                                                                        ; 1 ps                      ;
; Truncate long hierarchy paths                                                                     ; Off                       ;
; Map illegal HDL characters                                                                        ; Off                       ;
; Flatten buses into individual nodes                                                               ; Off                       ;
; Maintain hierarchy                                                                                ; Off                       ;
; Bring out device-wide set/reset signals as ports                                                  ; Off                       ;
; Enable glitch filtering                                                                           ; Off                       ;
; Do not write top level VHDL entity                                                                ; Off                       ;
; Disable detection of setup and hold time violations in the input registers of bi-directional pins ; Off                       ;
; Architecture name in VHDL output netlist                                                          ; structure                 ;
; Generate third-party EDA tool command script for RTL functional simulation                        ; Off                       ;
; Generate third-party EDA tool command script for gate-level simulation                            ; Off                       ;
+---------------------------------------------------------------------------------------------------+---------------------------+


+----------------------------------------------------------------------------------------------+
; Simulation Generated Files                                                                   ;
+----------------------------------------------------------------------------------------------+
; Generated Files                                                                              ;
+----------------------------------------------------------------------------------------------+
; C:/Users/30226/Desktop/git/workpace/DSP/simulation/modelsim/dsp_lab_8_1200mv_85c_slow.vo     ;
; C:/Users/30226/Desktop/git/workpace/DSP/simulation/modelsim/dsp_lab_8_1200mv_0c_slow.vo      ;
; C:/Users/30226/Desktop/git/workpace/DSP/simulation/modelsim/dsp_lab_min_1200mv_0c_fast.vo    ;
; C:/Users/30226/Desktop/git/workpace/DSP/simulation/modelsim/dsp_lab.vo                       ;
; C:/Users/30226/Desktop/git/workpace/DSP/simulation/modelsim/dsp_lab_8_1200mv_85c_v_slow.sdo  ;
; C:/Users/30226/Desktop/git/workpace/DSP/simulation/modelsim/dsp_lab_8_1200mv_0c_v_slow.sdo   ;
; C:/Users/30226/Desktop/git/workpace/DSP/simulation/modelsim/dsp_lab_min_1200mv_0c_v_fast.sdo ;
; C:/Users/30226/Desktop/git/workpace/DSP/simulation/modelsim/dsp_lab_v.sdo                    ;
+----------------------------------------------------------------------------------------------+


+-----------------------------+
; EDA Netlist Writer Messages ;
+-----------------------------+
Info: *******************************************************************
Info: Running Quartus Prime EDA Netlist Writer
    Info: Version 18.1.0 Build 625 09/12/2018 SJ Standard Edition
    Info: Processing started: Thu Apr 25 18:56:55 2024
Info: Command: quartus_eda --read_settings_files=off --write_settings_files=off dsp_lab -c dsp_lab
Warning (18236): Number of processors has not been specified which may cause overloading on shared machines.  Set the global assignment NUM_PARALLEL_PROCESSORS in your QSF to an appropriate value for best performance.
Error (20268): Functional simulation is off but it is the only supported netlist type for this device.
Info (204019): Generated file dsp_lab_8_1200mv_85c_slow.vo in folder "C:/Users/30226/Desktop/git/workpace/DSP/simulation/modelsim/" for EDA simulation tool
Info (204019): Generated file dsp_lab_8_1200mv_0c_slow.vo in folder "C:/Users/30226/Desktop/git/workpace/DSP/simulation/modelsim/" for EDA simulation tool
Info (204019): Generated file dsp_lab_min_1200mv_0c_fast.vo in folder "C:/Users/30226/Desktop/git/workpace/DSP/simulation/modelsim/" for EDA simulation tool
Info (204019): Generated file dsp_lab.vo in folder "C:/Users/30226/Desktop/git/workpace/DSP/simulation/modelsim/" for EDA simulation tool
Info (204019): Generated file dsp_lab_8_1200mv_85c_v_slow.sdo in folder "C:/Users/30226/Desktop/git/workpace/DSP/simulation/modelsim/" for EDA simulation tool
Info (204019): Generated file dsp_lab_8_1200mv_0c_v_slow.sdo in folder "C:/Users/30226/Desktop/git/workpace/DSP/simulation/modelsim/" for EDA simulation tool
Info (204019): Generated file dsp_lab_min_1200mv_0c_v_fast.sdo in folder "C:/Users/30226/Desktop/git/workpace/DSP/simulation/modelsim/" for EDA simulation tool
Info (204019): Generated file dsp_lab_v.sdo in folder "C:/Users/30226/Desktop/git/workpace/DSP/simulation/modelsim/" for EDA simulation tool
Error: Quartus Prime EDA Netlist Writer was unsuccessful. 1 error, 1 warning
    Error: Peak virtual memory: 4643 megabytes
    Error: Processing ended: Thu Apr 25 18:56:55 2024
    Error: Elapsed time: 00:00:00
    Error: Total CPU time (on all processors): 00:00:01


